0000-0cf7 : PCI Bus 0000:00
  0000-001f : dma1
  0020-0021 : pic1
  0040-0043 : timer0
  0050-0053 : timer1
  0060-0060 : keyboard
  0061-0061 : PNP0800:00
  0062-0062 : PNP0C09:00
    0062-0062 : EC data
  0064-0064 : keyboard
  0066-0066 : PNP0C09:00
    0066-0066 : EC cmd
  0070-0071 : rtc0
  0080-008f : dma page reg
  00a0-00a1 : pic2
  00c0-00df : dma2
  00f0-00ff : fpu
    00f0-00f0 : PNP0C04:00
  03c0-03df : vesafb
  0800-087f : pnp 00:01
0cf8-0cff : PCI conf1
0d00-ffff : PCI Bus 0000:00
  15e0-15ef : pnp 00:01
  1600-167f : pnp 00:01
    1640-165f : pnp 00:01
  1800-187f : pnp 00:01
    1800-1803 : ACPI PM1a_EVT_BLK
    1804-1805 : ACPI PM1a_CNT_BLK
    1808-180b : ACPI PM_TMR
    1810-1815 : ACPI CPU throttle
    1820-182f : ACPI GPE0_BLK
    1830-1833 : iTCO_wdt.0.auto
      1830-1833 : iTCO_wdt
    1850-1850 : ACPI PM2_CNT_BLK
    1860-187f : iTCO_wdt.0.auto
      1860-187f : iTCO_wdt
  3000-3fff : PCI Bus 0000:02
    3000-307f : 0000:02:00.0
  4000-403f : 0000:00:02.0
  4060-407f : 0000:00:1f.2
    4060-407f : ahci
  4080-409f : 0000:00:19.0
  40a0-40a7 : 0000:00:1f.2
    40a0-40a7 : ahci
  40a8-40af : 0000:00:1f.2
    40a8-40af : ahci
  40b0-40b7 : 0000:00:16.3
    40b0-40b7 : serial
  40b8-40bb : 0000:00:1f.2
    40b8-40bb : ahci
  40bc-40bf : 0000:00:1f.2
    40bc-40bf : ahci
  efa0-efbf : 0000:00:1f.3
    efa0-efbf : i801_smbus
